[OPERATIONAL DRY RUN]
Started: 2026-06-23T08:58:17.935169+00:00
================================================================================
[REAL_MARKET_DATA_COLLECTOR]
return_code=0
[REAL MARKET DATA COLLECTOR]
Status: COLLECTED
Provider: coinalyze
Symbol: BTCUSDT_PERP.A
Interval: 1hour
OK Endpoints: 8
Error Endpoints: 0

================================================================================
[MARKET_SNAPSHOT_BUILDER]
return_code=0
[MARKET SNAPSHOT BUILDER]
Status: SNAPSHOT_CREATED
Current Price: 64118.6

================================================================================
[MARKET_CONTEXT_BUILDER]
return_code=0
[MARKET CONTEXT BUILDER]
Status: CONTEXT_CREATED
Market Bias: neutral

================================================================================
[DYNAMIC_SETUP_GENERATOR]
return_code=0
[DYNAMIC SETUP]
Status: DYNAMIC_SETUP_CREATED
Decision Type: CONDITIONAL_WATCH

================================================================================
[RESEARCH_CYCLE]
return_code=0
[RESEARCH CYCLE]
Status: RESEARCH_CYCLE_COMPLETED
Research Score: 45

================================================================================
[RESEARCH_DECISION]
return_code=0
[RESEARCH DECISION]
Status: RESEARCH_DECISION_CREATED
Decision Type: CONDITIONAL_WATCH

================================================================================
[TRADING_CYCLE]
return_code=0
[TRADING_CYCLE]
Status: CYCLE_COMPLETED
Current Price: 64118.6
Market Bias: neutral
Research Score: 45
Decision Type: CONDITIONAL_WATCH
Signal: WATCH
Trading Bot: PAPER_PERFORMANCE_UPDATED
Telegram Alert: SKIPPED_BY_DAILY_REPORT_MODE
{
  "name": "TRADING_CYCLE",
  "status": "CYCLE_COMPLETED",
  "mode": "paper",
  "current_price": 64118.6,
  "market_bias": "neutral",
  "research_score": 45,
  "decision_type": "CONDITIONAL_WATCH",
  "signal": {
    "side": "WATCH",
    "confidence": 0.52,
    "reason": "Research decision requires conditional confirmation."
  },
  "position_opened": false,
  "paper_performance": "PAPER_PERFORMANCE_UPDATED",
  "telegram_alert": "SKIPPED_BY_DAILY_REPORT_MODE",
  "started_at_utc": "2026-06-23T08:58:18.346757+00:00",
  "finished_at_utc": "2026-06-23T08:58:18.355089+00:00",
  "source_daily_report": "C:\\Users\\thomas\\Desktop\\Coding\\crypto_AI_Agent\\crypto_ai_system\\storage\\reports\\daily_report_2026-06-23.json",
  "files": {
    "trading_cycle_result": "C:\\Users\\thomas\\Desktop\\Coding\\crypto_AI_Agent\\crypto_ai_system\\storage\\trading_cycle_result.json",
    "paper_performance_report": "C:\\Users\\thomas\\Desktop\\Coding\\crypto_AI_Agent\\crypto_ai_system\\storage\\paper_performance_report.json",
    "telegram_alert_result": "C:\\Users\\thomas\\Desktop\\Coding\\crypto_AI_Agent\\crypto_ai_system\\storage\\telegram_alert_result.json"
  }
}

================================================================================
[COMMAND_run_operational_dry_run.py]
Started UTC: 2026-06-23T08:58:17.886019+00:00
Finished UTC: 2026-06-23T08:58:18.401479+00:00
Status: COMMAND_COMPLETED
Return Code: 0

[STDOUT TAIL]
[OPERATIONAL DRY RUN]
Status: PASSED
Error Failures: 0
Warning Failures: 0
OPERATIONAL_DRY_RUN_STATUS=PASSED


[STDERR TAIL]

================================================================================
